🎮 Game Festival Scanner
   账号数量: 49
   扫描范围: 过去 30 天
   关键词数: 96
==================================================
✅ 已登录 X，开始扫描 49 个账号...

[1/49] 扫描 @turnbasedlovers

  → 访问 @turnbasedlovers 主页: https://x.com/turnbasedlovers
  ✓ 已到达 30 天前，停止滚动（最早帖子: 2024-01-13）
  ✓ @turnbasedlovers 共抓取 4 条帖子（30天内）
  🎯 命中 1 条 festival 相关帖子
[2/49] 扫描 @gelius__

  → 访问 @gelius__ 主页: https://x.com/gelius__
  ... 第 1/20 次滚动，已抓取 5 条
  ... 第 2/20 次滚动，已抓取 14 条
  ... 第 3/20 次滚动，已抓取 17 条
  ✓ 已到达 30 天前，停止滚动（最早帖子: 2026-01-28）
  ✓ @gelius__ 共抓取 17 条帖子（30天内）
  🎯 命中 8 条 festival 相关帖子
[3/49] 扫描 @iii_initiative

  → 访问 @iii_initiative 主页: https://x.com/iii_initiative
  ✓ 已到达 30 天前，停止滚动（最早帖子: 2025-04-17）
  ✓ @iii_initiative 共抓取 3 条帖子（30天内）
  🎯 命中 2 条 festival 相关帖子
[4/49] 扫描 @MarmaladeGames

  → 访问 @MarmaladeGames 主页: https://x.com/MarmaladeGames
  ✓ 已到达 30 天前，停止滚动（最早帖子: 2025-12-11）
  ✓ @MarmaladeGames 共抓取 3 条帖子（30天内）
  🎯 命中 0 条 festival 相关帖子
[5/49] 扫描 @GoblinzPub

  → 访问 @GoblinzPub 主页: https://x.com/GoblinzPub
  ... 第 1/20 次滚动，已抓取 5 条
  ✓ 已到达 30 天前，停止滚动（最早帖子: 2026-02-18）
  ✓ @GoblinzPub 共抓取 14 条帖子（30天内）
  🎯 命中 4 条 festival 相关帖子
[6/49] 扫描 @11bitstudios

  → 访问 @11bitstudios 主页: https://x.com/11bitstudios
  ... 第 1/20 次滚动，已抓取 4 条
  ... 第 2/20 次滚动，已抓取 15 条
  ... 第 3/20 次滚动，已抓取 17 条
  ... 第 4/20 次滚动，已抓取 27 条
  ✓ 已到达 30 天前，停止滚动（最早帖子: 2026-02-17）
  ✓ @11bitstudios 共抓取 38 条帖子（30天内）
  🎯 命中 2 条 festival 相关帖子
[7/49] 扫描 @CrunchingKoalas

  → 访问 @CrunchingKoalas 主页: https://x.com/CrunchingKoalas
  ... 第 1/20 次滚动，已抓取 6 条
  ✓ 已到达 30 天前，停止滚动（最早帖子: 2026-01-19）
  ✓ @CrunchingKoalas 共抓取 6 条帖子（30天内）
  🎯 命中 0 条 festival 相关帖子
[8/49] 扫描 @acramdigital

  → 访问 @acramdigital 主页: https://x.com/acramdigital
  ... 第 1/20 次滚动，已抓取 3 条
  ✓ 已到达 30 天前，停止滚动（最早帖子: 2025-11-26）
  ✓ @acramdigital 共抓取 3 条帖子（30天内）
  🎯 命中 0 条 festival 相关帖子
[9/49] 扫描 @ansharpublish

  → 访问 @ansharpublish 主页: https://x.com/ansharpublish
  ... 第 1/20 次滚动，已抓取 5 条
  ... 第 2/20 次滚动，已抓取 16 条
  ✓ 已到达 30 天前，停止滚动（最早帖子: 2026-02-06）
  ✓ @ansharpublish 共抓取 16 条帖子（30天内）
  🎯 命中 4 条 festival 相关帖子
[10/49] 扫描 @RetrovibeGames

  → 访问 @RetrovibeGames 主页: https://x.com/RetrovibeGames
  ... 第 1/20 次滚动，已抓取 4 条
  ... 第 2/20 次滚动，已抓取 16 条
  ... 第 3/20 次滚动，已抓取 24 条
  ... 第 4/20 次滚动，已抓取 29 条
  ✓ 已到达 30 天前，停止滚动（最早帖子: 2026-02-14）
  ✓ @RetrovibeGames 共抓取 36 条帖子（30天内）
  🎯 命中 8 条 festival 相关帖子
[11/49] 扫描 @curvegames

  → 访问 @curvegames 主页: https://x.com/curvegames
  ... 第 1/20 次滚动，已抓取 4 条
  ... 第 2/20 次滚动，已抓取 12 条
  ... 第 3/20 次滚动，已抓取 18 条
  ✓ 已到达 30 天前，停止滚动（最早帖子: 2026-02-06）
  ✓ @curvegames 共抓取 18 条帖子（30天内）
  🎯 命中 2 条 festival 相关帖子
[12/49] 扫描 @sugoishowcase

  → 访问 @sugoishowcase 主页: https://x.com/sugoishowcase
  ✓ 已到达 30 天前，停止滚动（最早帖子: 2025-10-28）
  ✓ @sugoishowcase 共抓取 0 条帖子（30天内）
  🎯 命中 0 条 festival 相关帖子
[13/49] 扫描 @geight_tw

  → 访问 @geight_tw 主页: https://x.com/geight_tw
  ... 第 1/20 次滚动，已抓取 4 条
  ✓ 已到达 30 天前，停止滚动（最早帖子: 2025-03-14）
  ✓ @geight_tw 共抓取 4 条帖子（30天内）
  🎯 命中 2 条 festival 相关帖子
[14/49] 扫描 @tinyteamsfest

  → 访问 @tinyteamsfest 主页: https://x.com/tinyteamsfest
  ✓ 已到达 30 天前，停止滚动（最早帖子: 2025-11-24）
  ✓ @tinyteamsfest 共抓取 3 条帖子（30天内）
  🎯 命中 2 条 festival 相关帖子
[15/49] 扫描 @HumanQube

  → 访问 @HumanQube 主页: https://x.com/HumanQube
  ... 第 1/20 次滚动，已抓取 5 条
  ✓ 已到达 30 天前，停止滚动（最早帖子: 2026-01-08）
  ✓ @HumanQube 共抓取 9 条帖子（30天内）
  🎯 命中 3 条 festival 相关帖子
[16/49] 扫描 @GCORESPUBLISH

  → 访问 @GCORESPUBLISH 主页: https://x.com/GCORESPUBLISH
  ✓ 已到达 30 天前，停止滚动（最早帖子: 2026-01-28）
  ✓ @GCORESPUBLISH 共抓取 2 条帖子（30天内）
  🎯 命中 0 条 festival 相关帖子
[17/49] 扫描 @IndieArk_Games

  → 访问 @IndieArk_Games 主页: https://x.com/IndieArk_Games
  ... 第 1/20 次滚动，已抓取 5 条
  ✓ 已到达 30 天前，停止滚动（最早帖子: 2025-12-11）
  ✓ @IndieArk_Games 共抓取 5 条帖子（30天内）
  🎯 命中 1 条 festival 相关帖子
[18/49] 扫描 @ThermiteGamesHQ

  → 访问 @ThermiteGamesHQ 主页: https://x.com/ThermiteGamesHQ
  ✓ 已到达 30 天前，停止滚动（最早帖子: 2025-12-19）
  ✓ @ThermiteGamesHQ 共抓取 2 条帖子（30天内）
  🎯 命中 0 条 festival 相关帖子
[19/49] 扫描 @GamirrorGames

  → 访问 @GamirrorGames 主页: https://x.com/GamirrorGames
  ✓ 已到达 30 天前，停止滚动（最早帖子: 2026-01-08）
  ✓ @GamirrorGames 共抓取 1 条帖子（30天内）
  🎯 命中 0 条 festival 相关帖子
[20/49] 扫描 @spiralupgames

  → 访问 @spiralupgames 主页: https://x.com/spiralupgames
  ... 第 1/20 次滚动，已抓取 5 条
  ✓ 已到达 30 天前，停止滚动（最早帖子: 2025-06-20）
  ✓ @spiralupgames 共抓取 5 条帖子（30天内）
  🎯 命中 1 条 festival 相关帖子
[21/49] 扫描 @NeverLand_Entmt

  → 访问 @NeverLand_Entmt 主页: https://x.com/NeverLand_Entmt
  ✓ 已到达 30 天前，停止滚动（最早帖子: 2025-04-22）
  ✓ @NeverLand_Entmt 共抓取 0 条帖子（30天内）
  🎯 命中 0 条 festival 相关帖子
[22/49] 扫描 @playismen

  → 访问 @playismen 主页: https://x.com/playismen
  ... 第 1/20 次滚动，已抓取 5 条
  ... 第 2/20 次滚动，已抓取 15 条
  ... 第 3/20 次滚动，已抓取 25 条
  ✓ 页面无新内容，停止滚动（第 4 次）
  ✓ @playismen 共抓取 34 条帖子（30天内）
  🎯 命中 1 条 festival 相关帖子
[23/49] 扫描 @lightngames

  → 访问 @lightngames 主页: https://x.com/lightngames
  ✓ 已到达 30 天前，停止滚动（最早帖子: 2025-12-26）
  ✓ @lightngames 共抓取 0 条帖子（30天内）
  🎯 命中 0 条 festival 相关帖子
[24/49] 扫描 @indienovacn

  → 访问 @indienovacn 主页: https://x.com/indienovacn
  ✓ 已到达 30 天前，停止滚动（最早帖子: 2025-11-07）
  ✓ @indienovacn 共抓取 0 条帖子（30天内）
  🎯 命中 0 条 festival 相关帖子
[25/49] 扫描 @PatheaGames

  → 访问 @PatheaGames 主页: https://x.com/PatheaGames
  ✓ 已到达 30 天前，停止滚动（最早帖子: 2023-11-02）
  ✓ @PatheaGames 共抓取 1 条帖子（30天内）
  🎯 命中 0 条 festival 相关帖子
[26/49] 扫描 @cubegamecn

  → 访问 @cubegamecn 主页: https://x.com/cubegamecn
  ✓ 已到达 30 天前，停止滚动（最早帖子: 2025-12-29）
  ✓ @cubegamecn 共抓取 1 条帖子（30天内）
  🎯 命中 1 条 festival 相关帖子
[27/49] 扫描 @2Pcom

  → 访问 @2Pcom 主页: https://x.com/2Pcom
  ... 第 1/20 次滚动，已抓取 0 条
  ... 第 2/20 次滚动，已抓取 0 条
  ... 第 3/20 次滚动，已抓取 0 条
  ✓ 页面无新内容，停止滚动（第 4 次）
  ✓ @2Pcom 共抓取 0 条帖子（30天内）
  🎯 命中 0 条 festival 相关帖子
[28/49] 扫描 @neondoctrine

  → 访问 @neondoctrine 主页: https://x.com/neondoctrine
  ... 第 1/20 次滚动，已抓取 0 条
  ... 第 2/20 次滚动，已抓取 0 条
  ... 第 3/20 次滚动，已抓取 0 条
  ✓ 页面无新内容，停止滚动（第 4 次）
  ✓ @neondoctrine 共抓取 0 条帖子（30天内）
  🎯 命中 0 条 festival 相关帖子
[29/49] 扫描 @OKJOY_Studio

  → 访问 @OKJOY_Studio 主页: https://x.com/OKJOY_Studio
  ... 第 1/20 次滚动，已抓取 0 条
  ... 第 2/20 次滚动，已抓取 0 条
  ... 第 3/20 次滚动，已抓取 0 条
  ✓ 页面无新内容，停止滚动（第 4 次）
  ✓ @OKJOY_Studio 共抓取 0 条帖子（30天内）
  🎯 命中 0 条 festival 相关帖子
[30/49] 扫描 @Kepler_Interact

  → 访问 @Kepler_Interact 主页: https://x.com/Kepler_Interact
  ... 第 1/20 次滚动，已抓取 0 条
  ... 第 2/20 次滚动，已抓取 0 条
  ... 第 3/20 次滚动，已抓取 0 条
  ✓ 页面无新内容，停止滚动（第 4 次）
  ✓ @Kepler_Interact 共抓取 0 条帖子（30天内）
  🎯 命中 0 条 festival 相关帖子
[31/49] 扫描 @GamerskyIndie

  → 访问 @GamerskyIndie 主页: https://x.com/GamerskyIndie
  ... 第 1/20 次滚动，已抓取 0 条
  ... 第 2/20 次滚动，已抓取 0 条
  ... 第 3/20 次滚动，已抓取 0 条
  ✓ 页面无新内容，停止滚动（第 4 次）
  ✓ @GamerskyIndie 共抓取 0 条帖子（30天内）
  🎯 命中 0 条 festival 相关帖子
[32/49] 扫描 @Skystone_Games

  → 访问 @Skystone_Games 主页: https://x.com/Skystone_Games
  ... 第 1/20 次滚动，已抓取 0 条
  ... 第 2/20 次滚动，已抓取 0 条
  ... 第 3/20 次滚动，已抓取 0 条
  ✓ 页面无新内容，停止滚动（第 4 次）
  ✓ @Skystone_Games 共抓取 0 条帖子（30天内）
  🎯 命中 0 条 festival 相关帖子
[33/49] 扫描 @gse_official_

  → 访问 @gse_official_ 主页: https://x.com/gse_official_
  ... 第 1/20 次滚动，已抓取 0 条
  ... 第 2/20 次滚动，已抓取 0 条
  ... 第 3/20 次滚动，已抓取 0 条
  ✓ 页面无新内容，停止滚动（第 4 次）
  ✓ @gse_official_ 共抓取 0 条帖子（30天内）
  🎯 命中 0 条 festival 相关帖子
[34/49] 扫描 @eastasiasoft

  → 访问 @eastasiasoft 主页: https://x.com/eastasiasoft
  ... 第 1/20 次滚动，已抓取 0 条
  ... 第 2/20 次滚动，已抓取 0 条
  ... 第 3/20 次滚动，已抓取 0 条
  ✓ 页面无新内容，停止滚动（第 4 次）
  ✓ @eastasiasoft 共抓取 0 条帖子（30天内）
  🎯 命中 0 条 festival 相关帖子
[35/49] 扫描 @dreamhaven

  → 访问 @dreamhaven 主页: https://x.com/dreamhaven
  ... 第 1/20 次滚动，已抓取 0 条
  ... 第 2/20 次滚动，已抓取 0 条
  ... 第 3/20 次滚动，已抓取 0 条
  ✓ 页面无新内容，停止滚动（第 4 次）
  ✓ @dreamhaven 共抓取 0 条帖子（30天内）
  🎯 命中 0 条 festival 相关帖子
[36/49] 扫描 @yogscastgames

  → 访问 @yogscastgames 主页: https://x.com/yogscastgames
  ... 第 1/20 次滚动，已抓取 0 条
  ... 第 2/20 次滚动，已抓取 0 条
  ... 第 3/20 次滚动，已抓取 0 条
  ✓ 页面无新内容，停止滚动（第 4 次）
  ✓ @yogscastgames 共抓取 0 条帖子（30天内）
  🎯 命中 0 条 festival 相关帖子
[37/49] 扫描 @rogueducknet

  → 访问 @rogueducknet 主页: https://x.com/rogueducknet
  ... 第 1/20 次滚动，已抓取 0 条
  ... 第 2/20 次滚动，已抓取 0 条
  ... 第 3/20 次滚动，已抓取 0 条
  ✓ 页面无新内容，停止滚动（第 4 次）
  ✓ @rogueducknet 共抓取 0 条帖子（30天内）
  🎯 命中 0 条 festival 相关帖子
[38/49] 扫描 @IOInteractive

  → 访问 @IOInteractive 主页: https://x.com/IOInteractive
  ... 第 1/20 次滚动，已抓取 0 条
  ... 第 2/20 次滚动，已抓取 0 条
  ... 第 3/20 次滚动，已抓取 0 条
  ✓ 页面无新内容，停止滚动（第 4 次）
  ✓ @IOInteractive 共抓取 0 条帖子（30天内）
  🎯 命中 0 条 festival 相关帖子
[39/49] 扫描 @indiecngames

  → 访问 @indiecngames 主页: https://x.com/indiecngames
  ... 第 1/20 次滚动，已抓取 0 条
  ... 第 2/20 次滚动，已抓取 0 条
  ... 第 3/20 次滚动，已抓取 0 条
  ✓ 页面无新内容，停止滚动（第 4 次）
  ✓ @indiecngames 共抓取 0 条帖子（30天内）
  🎯 命中 0 条 festival 相关帖子
[40/49] 扫描 @SapstarGames

  → 访问 @SapstarGames 主页: https://x.com/SapstarGames
  ... 第 1/20 次滚动，已抓取 0 条
  ... 第 2/20 次滚动，已抓取 0 条
  ... 第 3/20 次滚动，已抓取 0 条
  ✓ 页面无新内容，停止滚动（第 4 次）
  ✓ @SapstarGames 共抓取 0 条帖子（30天内）
  🎯 命中 0 条 festival 相关帖子
[41/49] 扫描 @bilibiligaming

  → 访问 @bilibiligaming 主页: https://x.com/bilibiligaming
  ... 第 1/20 次滚动，已抓取 0 条
  ... 第 2/20 次滚动，已抓取 0 条
  ... 第 3/20 次滚动，已抓取 0 条
  ✓ 页面无新内容，停止滚动（第 4 次）
  ✓ @bilibiligaming 共抓取 0 条帖子（30天内）
  🎯 命中 0 条 festival 相关帖子
[42/49] 扫描 @whispergamescn

  → 访问 @whispergamescn 主页: https://x.com/whispergamescn
  ... 第 1/20 次滚动，已抓取 0 条
  ... 第 2/20 次滚动，已抓取 0 条
  ... 第 3/20 次滚动，已抓取 0 条
  ✓ 页面无新内容，停止滚动（第 4 次）
  ✓ @whispergamescn 共抓取 0 条帖子（30天内）
  🎯 命中 0 条 festival 相关帖子
[43/49] 扫描 @parasgames

  → 访问 @parasgames 主页: https://x.com/parasgames
  ... 第 1/20 次滚动，已抓取 0 条
  ... 第 2/20 次滚动，已抓取 0 条
  ... 第 3/20 次滚动，已抓取 0 条
  ✓ 页面无新内容，停止滚动（第 4 次）
  ✓ @parasgames 共抓取 0 条帖子（30天内）
  🎯 命中 0 条 festival 相关帖子
[44/49] 扫描 @CEAsiaHK

  → 访问 @CEAsiaHK 主页: https://x.com/CEAsiaHK
  ... 第 1/20 次滚动，已抓取 0 条
  ... 第 2/20 次滚动，已抓取 0 条
  ... 第 3/20 次滚动，已抓取 0 条
  ✓ 页面无新内容，停止滚动（第 4 次）
  ✓ @CEAsiaHK 共抓取 0 条帖子（30天内）
  🎯 命中 0 条 festival 相关帖子
[45/49] 扫描 @AstrolabeGameJP

  → 访问 @AstrolabeGameJP 主页: https://x.com/AstrolabeGameJP
  ... 第 1/20 次滚动，已抓取 0 条
  ... 第 2/20 次滚动，已抓取 0 条
  ... 第 3/20 次滚动，已抓取 0 条
  ✓ 页面无新内容，停止滚动（第 4 次）
  ✓ @AstrolabeGameJP 共抓取 0 条帖子（30天内）
  🎯 命中 0 条 festival 相关帖子
[46/49] 扫描 @ediggerstudio

  → 访问 @ediggerstudio 主页: https://x.com/ediggerstudio
  ... 第 1/20 次滚动，已抓取 0 条
  ... 第 2/20 次滚动，已抓取 0 条
  ... 第 3/20 次滚动，已抓取 0 条
  ✓ 页面无新内容，停止滚动（第 4 次）
  ✓ @ediggerstudio 共抓取 0 条帖子（30天内）
  🎯 命中 0 条 festival 相关帖子
[47/49] 扫描 @WAVEGameStudios

  → 访问 @WAVEGameStudios 主页: https://x.com/WAVEGameStudios
  ... 第 1/20 次滚动，已抓取 0 条
  ... 第 2/20 次滚动，已抓取 0 条
  ... 第 3/20 次滚动，已抓取 0 条
  ✓ 页面无新内容，停止滚动（第 4 次）
  ✓ @WAVEGameStudios 共抓取 0 条帖子（30天内）
  🎯 命中 0 条 festival 相关帖子
[48/49] 扫描 @i3agency

  → 访问 @i3agency 主页: https://x.com/i3agency
  ... 第 1/20 次滚动，已抓取 0 条
  ... 第 2/20 次滚动，已抓取 0 条
  ... 第 3/20 次滚动，已抓取 0 条
  ✓ 页面无新内容，停止滚动（第 4 次）
  ✓ @i3agency 共抓取 0 条帖子（30天内）
  🎯 命中 0 条 festival 相关帖子
[49/49] 扫描 @the4winds_ent

  → 访问 @the4winds_ent 主页: https://x.com/the4winds_ent
  ... 第 1/20 次滚动，已抓取 0 条
  ... 第 2/20 次滚动，已抓取 0 条
  ... 第 3/20 次滚动，已抓取 0 条
  ✓ 页面无新内容，停止滚动（第 4 次）
  ✓ @the4winds_ent 共抓取 0 条帖子（30天内）
  🎯 命中 0 条 festival 相关帖子

✅ 结果已保存: /Users/dada/vibe-coding-digest/festival_results.json

==================================================
# 🎮 Game Festival 扫描报告
扫描时间：2026-03-20 23:32
扫描范围：过去 30 天
共发现 **42** 条相关帖子，涉及 **15** 个账号

## @11bitstudios（2 条）

### [2026-03-10] https://x.com/11bitstudios/status/2031399687844929641

> #DeathHowl is part of #TurnBasedThursdayFest 

Ro’s journey through the spirit world joins over 450 great turn-based titles!

Take a look at the festival and discover more below 

💬 1 回复  🔁 7 转推  ❤️ 27 点赞
🏷️ 命中关键词：`festival`, `fest`

---

### [2026-02-19] https://x.com/11bitstudios/status/2024506821818429808

> We’re starting public playtests for the brand new REBIRTH Mode in #DeathHowl 

Unlocked after completing the game on Normal, this mode raises the stakes with every enemy being enhanced in some way, some with new abilities, and reworked Realmless cards that shift how you play

💬 4 回复  🔁 7 转推  ❤️ 41 点赞
🏷️ 命中关键词：`game on`

---

## @GoblinzPub（4 条）

### [2026-03-20] https://x.com/jverbroucht/status/2034999229479788577

> It's not Dungeon Keeper
It's not Legend of Keepers
It's not Rogue Tower

But if our indie game reminds you of them... we're probably doing something right!
#indiegame #roguelike #gamedev

💬 0 回复  🔁 1 转推  ❤️ 14 点赞
🏷️ 命中关键词：`indie game`

---

### [2026-03-12] https://x.com/GoblinzPub/status/2032057116358308336

> It's a big week for #TurnBasedThursday!
We're honored to host today’s thread on X during the #TurnBasedThursdayFest! 

#IndieDev and #GameDev folks, we're eager to see your turn-based games in the replies! 

/ your favorites and @ others you love!

💬 83 回复  🔁 60 转推  ❤️ 129 点赞
🏷️ 命中关键词：`fest`

---

### [2026-03-10] https://x.com/GoblinzPub/status/2031374828930834801

> Runeborn 1.0 update is here, just in time for the #TurnBasedThursdayFest! 

What’s new?
 New Runebooks & Areas
 Enemy and Elite Variants
 Steam Achievements & more!

Jump into v1.0 now with a 30% launch discount: 
https://
f.mtr.cool/oxbblnqmdr

💬 0 回复  🔁 3 转推  ❤️ 20 点赞
🏷️ 命中关键词：`fest`

---

### [2026-03-09] https://x.com/GoblinzPub/status/2031079315085873259

> Finally, this year's #TurnBasedThursdayFest is LIVE! 

We’ve got massive surprises for you:
 New game reveal
 Release dates
 And more!

 Full recap on Steam: 
https://
f.mtr.cool/pbxjopfpki

💬 0 回复  🔁 6 转推  ❤️ 29 点赞
🏷️ 命中关键词：`fest`

---

## @HumanQube（3 条）

### [2026-03-10] https://x.com/Handmancers/status/2031462279376449616

> Now it’s official: 
Handmancers launches in Steam Early Access on May 5 


Announced during #TurnBasedThursdayFest 
More polish, more content

Wishlist: 
https://
store.steampowered.com/app/2423290/Ha
ndmancers/
…

💬 0 回复  🔁 1 转推  ❤️ 8 点赞
🏷️ 命中关键词：`fest`

---

### [2026-02-25] https://x.com/gamebiznews/status/2026668212814070180

> Milo PantaとHuman Qube Games、新作アクションRPG『Lootbane』最新のデモ版をSteam Next Festで公開


https://
gamebiz.jp/news/421588 

#Lootbane

💬 0 回复  🔁 1 转推  ❤️ 5 点赞
🏷️ 命中关键词：`fest`, `steam next fest`

---

### [2026-02-21] https://x.com/HumanQube/status/2025275630519046489

> A message from the Handmancers team:

With Slay the Spire 2 releasing the same week, we’re delaying Handmancers to give it the launch it deserves. New date at #TurnBasedThursdayFest

💬 0 回复  🔁 0 转推  ❤️ 3 点赞
🏷️ 命中关键词：`fest`

---

## @IndieArk_Games（1 条）

### [2026-03-08] https://x.com/IndieArk_Games/status/2030493716184551542

> 'Card Cultivation' Coming on Steam March 5th.
Chinese indie card management game steeped in cultivation mythology, with traditional ink-wash aesthetics.
Steam Link: 
https://
store.steampowered.com/app/2963600/

💬 0 回复  🔁 0 转推  ❤️ 0 点赞
🏷️ 命中关键词：`cultivation`

---

## @RetrovibeGames（8 条）

### [2026-03-12] https://x.com/Lockie_Glizzy/status/2031937229434876415

> Alright, here are my Indie Games of The Week Spotlight. All very different games, but four I highly suggest you put on your radar. I am pretty sure at least one will pique your interest... 

As always, make sure to follow the devs account! 


@DreadmoorGame
 - DREADMOOR

💬 3 回复  🔁 12 转推  ❤️ 45 点赞
🏷️ 命中关键词：`indie game`

---

### [2026-03-09] https://x.com/bryquthedev/status/2031068499054088385

>  #TurnBasedThursdayFest has started, and #Shardpunk2 is participating!

 The 2nd alpha playtest is ongoing - jump in and help shape the game!
 Brand new gameplay is present on the stream.
 Like it? Please wishlist the game!

#indiegame #gamedev

💬 1 回复  🔁 6 转推  ❤️ 18 点赞
🏷️ 命中关键词：`fest`

---

### [2026-03-09] https://x.com/TacticalDogs/status/2031055261142495560

> The Spring Game Showcase is live now!

Catch the stream and keep an eye out for The Looter. 

#TheLooter #indiegame #gamedev

💬 1 回复  🔁 2 转推  ❤️ 4 点赞
🏷️ 命中关键词：`showcase`, `game show`

---

### [2026-03-05] https://x.com/project_warlock/status/2029497527288861067

> Hi we're Polish and we are making indie games!  

#indiegame #indiedev

💬 1 回复  🔁 12 转推  ❤️ 93 点赞
🏷️ 命中关键词：`indie game`

---

### [2026-03-05] https://x.com/TacticalDogs/status/2029476224586691066

> Hi we're Polish and we are making indie games! 

#indiegame #indiedev

💬 3 回复  🔁 8 转推  ❤️ 66 点赞
🏷️ 命中关键词：`indie game`

---

### [2026-03-04] https://x.com/S_W_Potatoes/status/2029279348889440711

> Hi we're Polish and we are making indie games!   

#indiegame #indiedev

💬 1 回复  🔁 7 转推  ❤️ 40 点赞
🏷️ 命中关键词：`indie game`

---

### [2026-03-04] https://x.com/RetrovibeGames/status/2029117212829610454

> Hi! We’re a Polish team publishing indie games with a retro vibe! 

#indiedev #games #gamedev

💬 6 回复  🔁 31 转推  ❤️ 216 点赞
🏷️ 命中关键词：`indie game`

---

### [2026-03-02] https://x.com/TacticalDogs/status/2028488597876162871

> One well-placed shot. A heavy swing of the fire axe. The cycle of survival never ends, but it’s about to get more intense. 

The Looter is at the 
@indieexchange
 + 
@KindaFunnyVids
 Showcase on March 9!  

We’re revealing something fresh. 

#TheLooter #indiegame #gamedev

💬 0 回复  🔁 4 转推  ❤️ 16 点赞
🏷️ 命中关键词：`showcase`

---

## @ansharpublish（4 条）

### [2026-03-19] https://x.com/moldwasher/status/2034527050799698001

> Happy to announce #Moldwasher will be making a splash at #PAXEast in Boston! 
Stop by booth No. 15078 to play our game, get a pin and chat 

💬 1 回复  🔁 3 转推  ❤️ 7 点赞
🏷️ 命中关键词：`pax`

---

### [2026-03-05] https://x.com/moldwasher/status/2029558072314606056

> Super excited for The MIX! 
@indieexchange

The Spring showcase begins this Monday, both Online and On-site in San Francisco. 
See you soon~! 

💬 0 回复  🔁 1 转推  ❤️ 3 点赞
🏷️ 命中关键词：`showcase`

---

### [2026-03-04] https://x.com/indieexchange/status/2029240455016399080

> You can peep these dope games soon during our Spring Showcase ONLINE + ONSITE, March 9th! 

 HYPERBEAT - 
@hyperbeatgame

 AfterQuest - 
@emberarcade

 BARKOUR - 
@BARKOUR__GAME

 Moldwasher - 
@moldwasher


 
http://
bit.ly/MIXKF26

💬 2 回复  🔁 8 转推  ❤️ 20 点赞
🏷️ 命中关键词：`showcase`

---

### [2026-03-03] https://x.com/KwintaJakub/status/2028751704850661499

> Meet me at 
@Official_GDC
 !

There are only a few meeting slots left in the MeetToMatch app — if you’d like to:

 talk about potential publishing
 pitch your game
 explore collaboration opportunities

— let’s connect and book a meeting! 
@AnsharPublish
 
See you at GDC! 

💬 0 回复  🔁 1 转推  ❤️ 3 点赞
🏷️ 命中关键词：`gdc`

---

## @cubegamecn（1 条）

### [2026-03-20] https://x.com/CubeGameCN/status/2034963162618048907

> Steam Spring Sale is ongoing! Discounts are being offered for Sekiro: Shadows Die Twice, S.T.A.L.K.E.R. 2: Heart of Chornobyl, Sword and Fairy Franchise, Xuan-Yuan Sword Franchise, and many other indie games published by Cube Game!

https://
store.steampowered.com/publisher/Cube
Game/
…
#CubeGame #S...

💬 0 回复  🔁 0 转推  ❤️ 2 点赞
🏷️ 命中关键词：`indie game`

---

## @curvegames（2 条）

### [2026-03-09] https://x.com/WaxHeadsGame/status/2031065227530219732

> We're thrilled we got to be part of the showcase this year with our new gameplay trailer!

Thanks for having us 
@indieexchange
 
@KindaFunnyVids
 




https://
youtube.com/watch?v=LL0SaB
Fky70&feature=youtu.be
…

💬 1 回复  🔁 1 转推  ❤️ 6 点赞
🏷️ 命中关键词：`showcase`

---

### [2026-03-03] https://x.com/indiefanfest/status/2028833539366486331

> WAX HEADS

From Patattie Games and 
@curvegames
, 
@WaxHeadsGame
 is a cozy-punk narrative sim about working in a struggling record store. As announced at #IndieFanFest, the game will launch on May 5. Play the demo now!

#IFFrecap

💬 1 回复  🔁 1 转推  ❤️ 6 点赞
🏷️ 命中关键词：`fest`

---

## @geight_tw（2 条）

### [2026-03-19] https://x.com/geight_tw/status/2034609162962014619

> 【 G-EIGHT抵達TIGS！帶領台灣四款優質獨立遊戲進軍東京  】
3/20(五)～21(六)兩天我們在 TOKYO INDIE GAMES SUMMIT 2026 (TIGS) 現場，
帶著四款代表台灣不同風格、展現強大開發實力的優質作品，
要讓日本玩家看見台灣獨立遊戲的魅力！

 本次 G-EIGHT 展團精選陣容：
《Estella》｜Imanity Co.

💬 0 回复  🔁 13 转推  ❤️ 73 点赞
🏷️ 命中关键词：`indie game`

---

### [2026-03-06] https://x.com/geight_tw/status/2029794058990932218

> [2025 G-EIGHT Game Show] A Three-Day Journey of Chasing Dreams

This video captures the most authentic moments of G-EIGHT 2025

The developers who are always within reach, the players who lose track of time, and the moving moments when hard work is finally recognized.

Every

💬 0 回复  🔁 8 转推  ❤️ 42 点赞
🏷️ 命中关键词：`game show`

---

## @gelius__（8 条）

### [2026-02-28] https://x.com/gelius__/status/2027762804464222484

> Do you feel the same?

I have to be honest about #SteamNextFest

I always start the week with high hopes and very motivated.

But when it's ending, I only feel rage and anger because there's so many games that I didn't get to play. It's so frustating. There's 3000+ games out

💬 14 回复  🔁 1 转推  ❤️ 38 点赞
🏷️ 命中关键词：`fest`

---

### [2026-02-26] https://x.com/gelius__/status/2027038663356375529

> MORE GAMES MORE GAMES MORE GAMES 

I'm reviewing another 5 demos from #SteamNextFest


https://
youtu.be/rBE6G6WRQTM

💬 4 回复  🔁 3 转推  ❤️ 22 点赞
🏷️ 命中关键词：`fest`

---

### [2026-02-24] https://x.com/gelius__/status/2026404857603649959

> Find all the frogs that are hiding and also many other surprises 

Game: Find my Frog: Branches 
@myeye_studio
 
#indiegame #SteamNextFest

💬 0 回复  🔁 0 转推  ❤️ 8 点赞
🏷️ 命中关键词：`fest`

---

### [2026-02-24] https://x.com/gelius__/status/2026213650717872293

> Pirates, guns and monsters is all it takes to make a good video game 

Game: 
@project_warlock
 Lost Chapters
#IndieGame #SteamNextFest 
@RetrovibeGames

💬 1 回复  🔁 3 转推  ❤️ 17 点赞
🏷️ 命中关键词：`fest`

---

### [2026-02-23] https://x.com/gelius__/status/2025997616069108165

> #SteamNextFest is ON!

My upcoming week:

💬 1 回复  🔁 1 转推  ❤️ 12 点赞
🏷️ 命中关键词：`fest`

---

### [2026-02-23] https://x.com/gelius__/status/2025945095258722621

> NEW VIDEO 

Let's play as many demos as possible from Steam Next Fest in my new video series called: I Played Demos from Steam Next Fest in Search of Hidden Gems!

#IndieGame #SteamNextFest 

Episode 01 

💬 28 回复  🔁 8 转推  ❤️ 40 点赞
🏷️ 命中关键词：`fest`, `steam next fest`

---

### [2026-02-23] https://x.com/gelius__/status/2025911079188980000

> This game looks so surreal that it should be illegal 

Game: Replaced
#IndieGame #SteamNextFest

💬 5 回复  🔁 3 转推  ❤️ 32 点赞
🏷️ 命中关键词：`fest`

---

### [2026-02-23] https://x.com/gelius__/status/2025856427869266205

> Next Fest is back!!

Here's a manifesto about it! For me Steam Next Fest is the purest form of Indie Games expression. I see SNF as a cult and I'm happily part of the congregation 

Do you agree? Have you ever participated on the event? What's your experience being a dev?

💬 3 回复  🔁 3 转推  ❤️ 15 点赞
🏷️ 命中关键词：`fest`, `steam next fest`, `indie game`

---

## @iii_initiative（2 条）

### [2026-03-19] https://x.com/iii_initiative/status/2034667784945238077

> Looking for beautiful, atmospheric and mysterious games?
We got you covered.
Check out our showcase on April 9th for announcements from these gems!
#iiishowcase

💬 2 回复  🔁 24 转推  ❤️ 122 点赞
🏷️ 命中关键词：`showcase`

---

### [2026-03-06] https://x.com/iii_initiative/status/2029958170743812531

> So proud we managed to push this hidden gem to success by revealing it in our first ever showcase!
Horrible to think that no-one would have discovered it otherwise 

💬 8 回复  🔁 15 转推  ❤️ 705 点赞
🏷️ 命中关键词：`showcase`

---

## @playismen（1 条）

### [2026-03-17] https://x.com/YsbrydGames/status/2033887941974491637

> We're happy to announce that LOVE ETERNAL, our critically-acclaimed psychological horror platformer, will be getting an official Japanese release with our friends at 
@playismJP
/
@playismEN
!

Play the demo at Tokyo Indie Games Summit 2026 (March 20-21) & Game Pavillion (March 28)

💬 1 回复  🔁 10 转推  ❤️ 33 点赞
🏷️ 命中关键词：`indie game`

---

## @spiralupgames（1 条）

### [2026-03-16] https://x.com/ReBladeG/status/2033558909546610740

> This is my indie game and she is the Main Character!

💬 62 回复  🔁 287 转推  ❤️ 27 点赞
🏷️ 命中关键词：`indie game`

---

## @tinyteamsfest（2 条）

### [2026-02-24] https://x.com/womenledgames/status/2026369058640208094

> Alright, alright. Let's see those women-led games participating in Steam Next Fest, please!

💬 8 回复  🔁 6 转推  ❤️ 33 点赞
🏷️ 命中关键词：`fest`, `steam next fest`

---

### [2026-02-24] https://x.com/TinyTeamsFest/status/2026258077792534746

> Well hello there solo and small team game devs! 

Have you got an indie game in Steam Next Fest? Share it below and let's give each other some Tiny Teams love!

💬 159 回复  🔁 21 转推  ❤️ 169 点赞
🏷️ 命中关键词：`fest`, `steam next fest`, `indie game`

---

## @turnbasedlovers（1 条）

### [2026-03-18] https://x.com/turnbasedlovers/status/2034345580210610347

> Indie JRPG Fate of Fire: Kyvedy Guardiah Brings Nine Protagonists and a World With Seven Days Left

https://
turnbasedlovers.com/overview/indie
-jrpg-fate-of-fire-kyvedy-guardiah/
… 

#turnbased #indiegames #JRPG #turnbasedlovers #FateOfFire

💬 1 回复  🔁 1 转推  ❤️ 15 点赞
🏷️ 命中关键词：`jrpg`

---

📄 Markdown 报告: /Users/dada/vibe-coding-digest/festival_results.md
